<?xml version="1.0" encoding="UTF-8"?>
<!-- Generated by org.testng.reporters.JUnitReportReporter -->
<testsuite hostname="DESKTOP-0IOJUUR" failures="1" tests="3" name="testpackg.SearchboxTest" time="11.834" errors="0" timestamp="2024-11-08T17:49:07 IST" skipped="2">
  <testcase classname="testpackg.SearchboxTest" name="Test1hotel" time="11.834">
    <failure message="expected [https://www.agoda.com/search?area=517119&amp;checkIn=2024-12-24&amp;los=1&amp;rooms=1&amp;adults=2&amp;children=1&amp;childages=4&amp;locale=en-us&amp;ckuid=2680bb04-44c3-4cb5-b386-abc81b9a6630&amp;prid=0&amp;currency=INR&amp;correlationId=e7f83283-b4d9-4c6e-8641-86a7f7c796ca&amp;analyticsSessionId=-4274646761998054754&amp;pageTypeId=1&amp;realLanguageId=1&amp;languageId=1&amp;origin=IN&amp;stateCode=KL&amp;cid=-1&amp;userId=2680bb04-44c3-4cb5-b386-abc81b9a6630&amp;whitelabelid=1&amp;loginLvl=0&amp;storefrontId=3&amp;currencyId=27&amp;currencyCode=INR&amp;htmlLanguage=en-us&amp;cultureInfoName=en-us&amp;machineName=sg-pc-6g-acm-web-user-77cc6cc9c6-wrffk&amp;trafficGroupId=4&amp;trafficSubGroupId=4&amp;aid=130243&amp;useFullPageLogin=true&amp;cttp=4&amp;isRealUser=true&amp;mode=production&amp;browserFamily=Chrome&amp;cdnDomain=agoda.net&amp;checkOut=2024-12-25&amp;priceCur=INR&amp;textToSearch=Chinnakanal&amp;productType=-1&amp;travellerType=2&amp;familyMode=off&amp;durationType=dayuse&amp;ds=TtlIUu9BBVhkGGVr] but found [https://www.agoda.com/search?guid=6cf04c0d-366c-4e71-b3fc-4301a6d43a9a&amp;asq=u2qcKLxwzRU5NDuxJ0kOF3T91go8JoYYMxAgy8FkBH1BN0lGAtYH25sdXoy34qb9fUPZLOEw354g1Ms6Qu53uMvQBkviXe1vcfG4PhPv0IDMBnzSWCRmy8KPsuZelRbMd%2BYbVu0nitcgaq4HocuVY5cmycVsjBebBYLpR9yFiMTE7Vd6xFw5QeaFrDwx8l6mnIIutc3p1CH6n5pZ6mkKMg%3D%3D&amp;area=503534&amp;tick=638666903427&amp;locale=en-us&amp;ckuid=80b6bf1e-a93c-4744-a985-70c3dd357654&amp;prid=0&amp;currency=INR&amp;correlationId=13c5e7f5-f3c7-4835-ac9d-76461b019362&amp;analyticsSessionId=-8146146802596594124&amp;pageTypeId=1&amp;realLanguageId=1&amp;languageId=1&amp;origin=IN&amp;stateCode=KL&amp;cid=-1&amp;userId=80b6bf1e-a93c-4744-a985-70c3dd357654&amp;whitelabelid=1&amp;loginLvl=0&amp;storefrontId=3&amp;currencyId=27&amp;currencyCode=INR&amp;htmlLanguage=en-us&amp;cultureInfoName=en-us&amp;machineName=sg-pc-6f-acm-web-user-64f9bb5c9-7sn2q&amp;trafficGroupId=4&amp;trafficSubGroupId=4&amp;aid=130243&amp;useFullPageLogin=true&amp;cttp=4&amp;isRealUser=true&amp;mode=production&amp;browserFamily=Chrome&amp;cdnDomain=agoda.net&amp;checkIn=2024-12-24&amp;checkOut=2024-12-25&amp;rooms=1&amp;adults=2&amp;children=1&amp;childages=4&amp;priceCur=INR&amp;los=1&amp;textToSearch=Kakkanad&amp;productType=-1&amp;travellerType=2&amp;familyMode=off&amp;city=12722&amp;durationType=dayuse&amp;ds=xYDAO7WOZ3kZtFqp]" type="java.lang.AssertionError">
      <![CDATA[java.lang.AssertionError: expected [https://www.agoda.com/search?area=517119&checkIn=2024-12-24&los=1&rooms=1&adults=2&children=1&childages=4&locale=en-us&ckuid=2680bb04-44c3-4cb5-b386-abc81b9a6630&prid=0&currency=INR&correlationId=e7f83283-b4d9-4c6e-8641-86a7f7c796ca&analyticsSessionId=-4274646761998054754&pageTypeId=1&realLanguageId=1&languageId=1&origin=IN&stateCode=KL&cid=-1&userId=2680bb04-44c3-4cb5-b386-abc81b9a6630&whitelabelid=1&loginLvl=0&storefrontId=3&currencyId=27&currencyCode=INR&htmlLanguage=en-us&cultureInfoName=en-us&machineName=sg-pc-6g-acm-web-user-77cc6cc9c6-wrffk&trafficGroupId=4&trafficSubGroupId=4&aid=130243&useFullPageLogin=true&cttp=4&isRealUser=true&mode=production&browserFamily=Chrome&cdnDomain=agoda.net&checkOut=2024-12-25&priceCur=INR&textToSearch=Chinnakanal&productType=-1&travellerType=2&familyMode=off&durationType=dayuse&ds=TtlIUu9BBVhkGGVr] but found [https://www.agoda.com/search?guid=6cf04c0d-366c-4e71-b3fc-4301a6d43a9a&asq=u2qcKLxwzRU5NDuxJ0kOF3T91go8JoYYMxAgy8FkBH1BN0lGAtYH25sdXoy34qb9fUPZLOEw354g1Ms6Qu53uMvQBkviXe1vcfG4PhPv0IDMBnzSWCRmy8KPsuZelRbMd%2BYbVu0nitcgaq4HocuVY5cmycVsjBebBYLpR9yFiMTE7Vd6xFw5QeaFrDwx8l6mnIIutc3p1CH6n5pZ6mkKMg%3D%3D&area=503534&tick=638666903427&locale=en-us&ckuid=80b6bf1e-a93c-4744-a985-70c3dd357654&prid=0&currency=INR&correlationId=13c5e7f5-f3c7-4835-ac9d-76461b019362&analyticsSessionId=-8146146802596594124&pageTypeId=1&realLanguageId=1&languageId=1&origin=IN&stateCode=KL&cid=-1&userId=80b6bf1e-a93c-4744-a985-70c3dd357654&whitelabelid=1&loginLvl=0&storefrontId=3&currencyId=27&currencyCode=INR&htmlLanguage=en-us&cultureInfoName=en-us&machineName=sg-pc-6f-acm-web-user-64f9bb5c9-7sn2q&trafficGroupId=4&trafficSubGroupId=4&aid=130243&useFullPageLogin=true&cttp=4&isRealUser=true&mode=production&browserFamily=Chrome&cdnDomain=agoda.net&checkIn=2024-12-24&checkOut=2024-12-25&rooms=1&adults=2&children=1&childages=4&priceCur=INR&los=1&textToSearch=Kakkanad&productType=-1&travellerType=2&familyMode=off&city=12722&durationType=dayuse&ds=xYDAO7WOZ3kZtFqp]
at org.testng.Assert.fail(Assert.java:110)
at org.testng.Assert.failNotEquals(Assert.java:1577)
at org.testng.Assert.assertEqualsImpl(Assert.java:149)
at org.testng.Assert.assertEquals(Assert.java:131)
at org.testng.Assert.assertEquals(Assert.java:655)
at org.testng.Assert.assertEquals(Assert.java:665)
at testpackg.SearchboxTest.Test1hotel(SearchboxTest.java:24)
at java.base/jdk.internal.reflect.DirectMethodHandleAccessor.invoke(DirectMethodHandleAccessor.java:103)
at java.base/java.lang.reflect.Method.invoke(Method.java:580)
at org.testng.internal.invokers.MethodInvocationHelper.invokeMethod(MethodInvocationHelper.java:139)
at org.testng.internal.invokers.TestInvoker.invokeMethod(TestInvoker.java:677)
at org.testng.internal.invokers.TestInvoker.invokeTestMethod(TestInvoker.java:221)
at org.testng.internal.invokers.MethodRunner.runInSequence(MethodRunner.java:50)
at org.testng.internal.invokers.TestInvoker$MethodInvocationAgent.invoke(TestInvoker.java:969)
at org.testng.internal.invokers.TestInvoker.invokeTestMethods(TestInvoker.java:194)
at org.testng.internal.invokers.TestMethodWorker.invokeTestMethods(TestMethodWorker.java:148)
at org.testng.internal.invokers.TestMethodWorker.run(TestMethodWorker.java:128)
at java.base/java.util.ArrayList.forEach(ArrayList.java:1596)
at org.testng.TestRunner.privateRun(TestRunner.java:829)
at org.testng.TestRunner.run(TestRunner.java:602)
at org.testng.SuiteRunner.runTest(SuiteRunner.java:437)
at org.testng.SuiteRunner.runSequentially(SuiteRunner.java:431)
at org.testng.SuiteRunner.privateRun(SuiteRunner.java:391)
at org.testng.SuiteRunner.run(SuiteRunner.java:330)
at org.testng.SuiteRunnerWorker.runSuite(SuiteRunnerWorker.java:52)
at org.testng.SuiteRunnerWorker.run(SuiteRunnerWorker.java:95)
at org.testng.TestNG.runSuitesSequentially(TestNG.java:1256)
at org.testng.TestNG.runSuitesLocally(TestNG.java:1176)
at org.testng.TestNG.runSuites(TestNG.java:1099)
at org.testng.TestNG.run(TestNG.java:1067)
at org.testng.remote.AbstractRemoteTestNG.run(AbstractRemoteTestNG.java:115)
at org.testng.remote.RemoteTestNG.initAndRun(RemoteTestNG.java:293)
at org.testng.remote.RemoteTestNG.main(RemoteTestNG.java:91)
]]>
    </failure>
  </testcase> <!-- Test1hotel -->
  <system-out/>
  <testcase classname="testpackg.SearchboxTest" name="Test2hotel">
    <skipped/>
  </testcase> <!-- Test2hotel -->
  <system-out/>
  <testcase classname="testpackg.SearchboxTest" name="Test3">
    <skipped/>
  </testcase> <!-- Test3 -->
  <system-out/>
</testsuite> <!-- testpackg.SearchboxTest -->
