<?xml version="1.0" encoding="UTF-8"?>
<!-- Generated by org.testng.reporters.JUnitReportReporter -->
<testsuite hostname="DESKTOP-0IOJUUR" failures="0" tests="3" name="testpackg.SearchboxTest" time="25.330" errors="0" timestamp="2024-11-06T19:00:07 IST" skipped="1">
  <testcase classname="testpackg.SearchboxTest" name="Test3" time="9.190"/>
  <system-out/>
  <testcase classname="testpackg.SearchboxTest" name="Test2hotel" time="16.140"/>
  <system-out/>
  <testcase classname="testpackg.SearchboxTest" name="Test1hotel">
    <skipped/>
  </testcase> <!-- Test1hotel -->
  <system-out/>
</testsuite> <!-- testpackg.SearchboxTest -->
