<?xml version="1.0" encoding="UTF-8"?>
<!-- Generated by org.testng.reporters.JUnitReportReporter -->
<testsuite hostname="DESKTOP-0IOJUUR" failures="0" tests="3" name="testpackg.SearchboxTest" time="15.804" errors="0" timestamp="2024-11-05T16:22:55 IST" skipped="2">
  <testcase classname="testpackg.SearchboxTest" name="Test3" time="15.804"/>
  <system-out/>
  <testcase classname="testpackg.SearchboxTest" name="Test2">
    <skipped/>
  </testcase> <!-- Test2 -->
  <system-out/>
  <testcase classname="testpackg.SearchboxTest" name="Test1hotel">
    <skipped/>
  </testcase> <!-- Test1hotel -->
  <system-out/>
</testsuite> <!-- testpackg.SearchboxTest -->
