<?xml version="1.0" encoding="UTF-8"?>
<!-- Generated by org.testng.reporters.JUnitReportReporter -->
<testsuite hostname="DESKTOP-0IOJUUR" failures="0" tests="1" name="basepackg.Baseclass" time="0.006" errors="0" timestamp="2024-10-27T14:57:19 IST" skipped="0">
  <testcase classname="basepackg.Baseclass" name="test1" time="0.006"/>
  <system-out/>
</testsuite> <!-- basepackg.Baseclass -->
